

attempting to build  C:\projects\learnEsp32\esp32-course\_20_bluetooth_classic\_20_1_remote_logging
✅ C:\projects\learnEsp32\esp32-course\_20_bluetooth_classic\_20_1_remote_logging succeeded

attempting to build  C:\projects\learnEsp32\esp32-course\_2_template\esp32_starter_template
✅ C:\projects\learnEsp32\esp32-course\_2_template\esp32_starter_template succeeded

attempting to build  C:\projects\learnEsp32\esp32-course\_3_first_look\_2.1_logging.old
✅ C:\projects\learnEsp32\esp32-course\_3_first_look\_2.1_logging.old succeeded

attempting to build  C:\projects\learnEsp32\esp32-course\_3_first_look\_2_0_blinky
✅ C:\projects\learnEsp32\esp32-course\_3_first_look\_2_0_blinky succeeded

attempting to build  C:\projects\learnEsp32\esp32-course\_3_first_look\_2_1_logging
✅ C:\projects\learnEsp32\esp32-course\_3_first_look\_2_1_logging succeeded

attempting to build  C:\projects\learnEsp32\esp32-course\_3_first_look\_2_2_delay
✅ C:\projects\learnEsp32\esp32-course\_3_first_look\_2_2_delay succeeded

attempting to build  C:\projects\learnEsp32\esp32-course\_3_first_look\_2_3_random_generator-dice
❌ Error compiling  C:\projects\learnEsp32\esp32-course\_3_first_look\_2_3_random_generator-dice
➡️fixed

attempting to build  C:\projects\learnEsp32\esp32-course\_3_first_look\_2_4_capturing_input
✅ C:\projects\learnEsp32\esp32-course\_3_first_look\_2_4_capturing_input succeeded

attempting to build  C:\projects\learnEsp32\esp32-course\_3_first_look\_2_5_using examples - chip data 1
❌ Error compiling  C:\projects\learnEsp32\esp32-course\_3_first_look\_2_5_using examples - chip data 1
➡️fixed

attempting to build  C:\projects\learnEsp32\esp32-course\_3_first_look\_2_6_using examples - chip data 2
❌ Error compiling  C:\projects\learnEsp32\esp32-course\_3_first_look\_2_6_using examples - chip data 2
➡️fixed

attempting to build  C:\projects\learnEsp32\esp32-course\_4_debuging_with_openocd\manual_debug
✅ C:\projects\learnEsp32\esp32-course\_4_debuging_with_openocd\manual_debug succeeded

attempting to build  C:\projects\learnEsp32\esp32-course\_4_debuging_with_openocd\qemu-test-1
✅ C:\projects\learnEsp32\esp32-course\_4_debuging_with_openocd\qemu-test-1 succeeded

attempting to build  C:\projects\learnEsp32\esp32-course\_4_debuging_with_openocd\sample_project
✅ C:\projects\learnEsp32\esp32-course\_4_debuging_with_openocd\sample_project succeeded

attempting to build  C:\projects\learnEsp32\esp32-course\_5_working_with_c\_5_1_structure_and_pointer_primer
✅ C:\projects\learnEsp32\esp32-course\_5_working_with_c\_5_1_structure_and_pointer_primer succeeded

attempting to build  C:\projects\learnEsp32\esp32-course\_5_working_with_c\_5_2_function_pointer
✅ C:\projects\learnEsp32\esp32-course\_5_working_with_c\_5_2_function_pointer succeeded

attempting to build  C:\projects\learnEsp32\esp32-course\_5_working_with_c\_5_3_c_and_h_files
✅ C:\projects\learnEsp32\esp32-course\_5_working_with_c\_5_3_c_and_h_files succeeded

attempting to build  C:\projects\learnEsp32\esp32-course\_5_working_with_c\_5_4_modules
✅ C:\projects\learnEsp32\esp32-course\_5_working_with_c\_5_4_modules succeeded

attempting to build  C:\projects\learnEsp32\esp32-course\_6_a_timers\interrupt_timer
❌ Error compiling  C:\projects\learnEsp32\esp32-course\_6_a_timers\interrupt_timer

attempting to build  C:\projects\learnEsp32\esp32-course\_6_Fundamentals_in_freertos\freertos_timer
❌ Error compiling  C:\projects\learnEsp32\esp32-course\_6_Fundamentals_in_freertos\freertos_timer

attempting to build  C:\projects\learnEsp32\esp32-course\_6_Fundamentals_in_freertos\high_resolution_timer
❌ Error compiling  C:\projects\learnEsp32\esp32-course\_6_Fundamentals_in_freertos\high_resolution_timer

attempting to build  C:\projects\learnEsp32\esp32-course\_6_Fundamentals_in_freertos\_6_0_task_nofications_1
✅ C:\projects\learnEsp32\esp32-course\_6_Fundamentals_in_freertos\_6_0_task_nofications_1 succeeded

attempting to build  C:\projects\learnEsp32\esp32-course\_6_Fundamentals_in_freertos\_6_0_task_nofications_2
✅ C:\projects\learnEsp32\esp32-course\_6_Fundamentals_in_freertos\_6_0_task_nofications_2 succeeded

attempting to build  C:\projects\learnEsp32\esp32-course\_6_Fundamentals_in_freertos\_6_1_FreeRtos_tasks
✅ C:\projects\learnEsp32\esp32-course\_6_Fundamentals_in_freertos\_6_1_FreeRtos_tasks succeeded

attempting to build  C:\projects\learnEsp32\esp32-course\_6_Fundamentals_in_freertos\_6_2_FreeRtos_tasks_second_core
✅ C:\projects\learnEsp32\esp32-course\_6_Fundamentals_in_freertos\_6_2_FreeRtos_tasks_second_core succeeded

attempting to build  C:\projects\learnEsp32\esp32-course\_6_Fundamentals_in_freertos\_6_3_mutex_semaphore
❌ Error compiling  C:\projects\learnEsp32\esp32-course\_6_Fundamentals_in_freertos\_6_3_mutex_semaphore

attempting to build  C:\projects\learnEsp32\esp32-course\_6_Fundamentals_in_freertos\_6_4_binary_semaphore
❌ Error compiling  C:\projects\learnEsp32\esp32-course\_6_Fundamentals_in_freertos\_6_4_binary_semaphore

attempting to build  C:\projects\learnEsp32\esp32-course\_6_Fundamentals_in_freertos\_6_5_queues
❌ Error compiling  C:\projects\learnEsp32\esp32-course\_6_Fundamentals_in_freertos\_6_5_queues

attempting to build  C:\projects\learnEsp32\esp32-course\_6_Fundamentals_in_freertos\_6_6_event_groups
✅ C:\projects\learnEsp32\esp32-course\_6_Fundamentals_in_freertos\_6_6_event_groups succeeded

attempting to build  C:\projects\learnEsp32\esp32-course\_7_configuration_with_menuconfig\_7_1_menuconfig
✅ C:\projects\learnEsp32\esp32-course\_7_configuration_with_menuconfig\_7_1_menuconfig succeeded

attempting to build  C:\projects\learnEsp32\esp32-course\_7_configuration_with_menuconfig\_7_2_custom_configuration
❌ Error compiling  C:\projects\learnEsp32\esp32-course\_7_configuration_with_menuconfig\_7_2_custom_configuration

attempting to build  C:\projects\learnEsp32\esp32-course\_7_configuration_with_menuconfig\_7_2_custom_configuration_defaults
❌ Error compiling  C:\projects\learnEsp32\esp32-course\_7_configuration_with_menuconfig\_7_2_custom_configuration_defaults

attempting to build  C:\projects\learnEsp32\esp32-course\_8_understanding_memory\psram
✅ C:\projects\learnEsp32\esp32-course\_8_understanding_memory\psram succeeded

attempting to build  C:\projects\learnEsp32\esp32-course\_8_understanding_memory\_8_1_sram
❌ Error compiling  C:\projects\learnEsp32\esp32-course\_8_understanding_memory\_8_1_sram

attempting to build  C:\projects\learnEsp32\esp32-course\_8_understanding_memory\_8_2_sram_dynamic
❌ Error compiling  C:\projects\learnEsp32\esp32-course\_8_understanding_memory\_8_2_sram_dynamic

attempting to build  C:\projects\learnEsp32\esp32-course\_8_understanding_memory\_8_3_sram_stack
❌ Error compiling  C:\projects\learnEsp32\esp32-course\_8_understanding_memory\_8_3_sram_stack

attempting to build  C:\projects\learnEsp32\esp32-course\_8_understanding_memory\_8_4_flash
✅ C:\projects\learnEsp32\esp32-course\_8_understanding_memory\_8_4_flash succeeded

attempting to build  C:\projects\learnEsp32\esp32-course\_8_understanding_memory\_8_4_flash_old
✅ C:\projects\learnEsp32\esp32-course\_8_understanding_memory\_8_4_flash_old succeeded

attempting to build  C:\projects\learnEsp32\esp32-course\_9_storage\_9_1_file_in_code_flash
✅ C:\projects\learnEsp32\esp32-course\_9_storage\_9_1_file_in_code_flash succeeded

attempting to build  C:\projects\learnEsp32\esp32-course\_9_storage\_9_2_nvs
❌ Error compiling  C:\projects\learnEsp32\esp32-course\_9_storage\_9_2_nvs

attempting to build  C:\projects\learnEsp32\esp32-course\_9_storage\_9_3_nvs_custom_partition
❌ Error compiling  C:\projects\learnEsp32\esp32-course\_9_storage\_9_3_nvs_custom_partition

attempting to build  C:\projects\learnEsp32\esp32-course\_9_storage\_9_4_nvs_struct
✅ C:\projects\learnEsp32\esp32-course\_9_storage\_9_4_nvs_struct succeeded

attempting to build  C:\projects\learnEsp32\esp32-course\_9_storage\_9_5_spiffs-1_with_flash
❌ Error compiling  C:\projects\learnEsp32\esp32-course\_9_storage\_9_5_spiffs-1_with_flash

attempting to build  C:\projects\learnEsp32\esp32-course\_9_storage\_9_6_spiffs-2_loop_files
❌ Error compiling  C:\projects\learnEsp32\esp32-course\_9_storage\_9_6_spiffs-2_loop_files

attempting to build  C:\projects\learnEsp32\esp32-course\_9_storage\_9_7_spiffs-3_Updating_files
❌ Error compiling  C:\projects\learnEsp32\esp32-course\_9_storage\_9_7_spiffs-3_Updating_files

attempting to build  C:\projects\learnEsp32\esp32-course\_9_storage\_9_8_spiffs_crud
✅ C:\projects\learnEsp32\esp32-course\_9_storage\_9_8_spiffs_crud succeeded

attempting to build  C:\projects\learnEsp32\esp32-course\_10_gpio\_10_10_Touch
✅ C:\projects\learnEsp32\esp32-course\_10_gpio\_10_10_Touch succeeded

attempting to build  C:\projects\learnEsp32\esp32-course\_10_gpio\_10_1_GPIO_Output
❌ Error compiling  C:\projects\learnEsp32\esp32-course\_10_gpio\_10_1_GPIO_Output

attempting to build  C:\projects\learnEsp32\esp32-course\_10_gpio\_10_2_Input
❌ Error compiling  C:\projects\learnEsp32\esp32-course\_10_gpio\_10_2_Input

attempting to build  C:\projects\learnEsp32\esp32-course\_10_gpio\_10_3_Input_interupt
❌ Error compiling  C:\projects\learnEsp32\esp32-course\_10_gpio\_10_3_Input_interupt

attempting to build  C:\projects\learnEsp32\esp32-course\_10_gpio\_10_4_simple_debounce
❌ Error compiling  C:\projects\learnEsp32\esp32-course\_10_gpio\_10_4_simple_debounce

attempting to build  C:\projects\learnEsp32\esp32-course\_10_gpio\_10_5_GPIO_Config
❌ Error compiling  C:\projects\learnEsp32\esp32-course\_10_gpio\_10_5_GPIO_Config

attempting to build  C:\projects\learnEsp32\esp32-course\_10_gpio\_10_6_DAC
❌ Error compiling  C:\projects\learnEsp32\esp32-course\_10_gpio\_10_6_DAC

attempting to build  C:\projects\learnEsp32\esp32-course\_10_gpio\_10_7_PWM_With_LEDC
✅ C:\projects\learnEsp32\esp32-course\_10_gpio\_10_7_PWM_With_LEDC succeeded

attempting to build  C:\projects\learnEsp32\esp32-course\_10_gpio\_10_8_ADC
✅ C:\projects\learnEsp32\esp32-course\_10_gpio\_10_8_ADC succeeded

attempting to build  C:\projects\learnEsp32\esp32-course\_10_gpio\_10_9_hall_sensor
❌ Error compiling  C:\projects\learnEsp32\esp32-course\_10_gpio\_10_9_hall_sensor

attempting to build  C:\projects\learnEsp32\esp32-course\_11_i2c_spi\11_2_SPI_SDD1306
❌ Error compiling  C:\projects\learnEsp32\esp32-course\_11_i2c_spi\11_2_SPI_SDD1306

attempting to build  C:\projects\learnEsp32\esp32-course\_11_i2c_spi\bme280\bme280
❌ Error compiling  C:\projects\learnEsp32\esp32-course\_11_i2c_spi\bme280\bme280

attempting to build  C:\projects\learnEsp32\esp32-course\_11_i2c_spi\bmp280
❌ Error compiling  C:\projects\learnEsp32\esp32-course\_11_i2c_spi\bmp280

attempting to build  C:\projects\learnEsp32\esp32-course\_11_i2c_spi\i2s_adc_dac
❌ Error compiling  C:\projects\learnEsp32\esp32-course\_11_i2c_spi\i2s_adc_dac

attempting to build  C:\projects\learnEsp32\esp32-course\_11_i2c_spi\sd_card
❌ Error compiling  C:\projects\learnEsp32\esp32-course\_11_i2c_spi\sd_card

attempting to build  C:\projects\learnEsp32\esp32-course\_11_i2c_spi\serial_NEO_N8M_GPS
❌ Error compiling  C:\projects\learnEsp32\esp32-course\_11_i2c_spi\serial_NEO_N8M_GPS

attempting to build  C:\projects\learnEsp32\esp32-course\_11_i2c_spi\uart_basic
✅ C:\projects\learnEsp32\esp32-course\_11_i2c_spi\uart_basic succeeded

attempting to build  C:\projects\learnEsp32\esp32-course\_11_i2c_spi\uart_pc
✅ C:\projects\learnEsp32\esp32-course\_11_i2c_spi\uart_pc succeeded

attempting to build  C:\projects\learnEsp32\esp32-course\_11_i2c_spi\uart_pc_with_queue
❌ Error compiling  C:\projects\learnEsp32\esp32-course\_11_i2c_spi\uart_pc_with_queue

attempting to build  C:\projects\learnEsp32\esp32-course\_11_i2c_spi\_11_0_bluetooth_serial
✅ C:\projects\learnEsp32\esp32-course\_11_i2c_spi\_11_0_bluetooth_serial succeeded

attempting to build  C:\projects\learnEsp32\esp32-course\_11_i2c_spi\_11_1_I2C_LM75A
✅ C:\projects\learnEsp32\esp32-course\_11_i2c_spi\_11_1_I2C_LM75A succeeded

attempting to build  C:\projects\learnEsp32\esp32-course\_11_i2c_spi\_11_2_SPI_Display_u8g2_test
✅ C:\projects\learnEsp32\esp32-course\_11_i2c_spi\_11_2_SPI_Display_u8g2_test succeeded

attempting to build  C:\projects\learnEsp32\esp32-course\_12_sleeping\_1_light_sleep_timer
✅ C:\projects\learnEsp32\esp32-course\_12_sleeping\_1_light_sleep_timer succeeded

attempting to build  C:\projects\learnEsp32\esp32-course\_12_sleeping\_2_light_GPIO
❌ Error compiling  C:\projects\learnEsp32\esp32-course\_12_sleeping\_2_light_GPIO

attempting to build  C:\projects\learnEsp32\esp32-course\_12_sleeping\_3_deep_sleep_timer
✅ C:\projects\learnEsp32\esp32-course\_12_sleeping\_3_deep_sleep_timer succeeded

attempting to build  C:\projects\learnEsp32\esp32-course\_12_sleeping\_4_deep_sleep_EXT_0
✅ C:\projects\learnEsp32\esp32-course\_12_sleeping\_4_deep_sleep_EXT_0 succeeded

attempting to build  C:\projects\learnEsp32\esp32-course\_12_sleeping\_5_deep_sleep_EXT_1
✅ C:\projects\learnEsp32\esp32-course\_12_sleeping\_5_deep_sleep_EXT_1 succeeded

attempting to build  C:\projects\learnEsp32\esp32-course\_12_sleeping\_6_hibernation
✅ C:\projects\learnEsp32\esp32-course\_12_sleeping\_6_hibernation succeeded

attempting to build  C:\projects\learnEsp32\esp32-course\_13_Internet_Connection\13_3_Wifi_Connection_idfv4_0
❌ Error compiling  C:\projects\learnEsp32\esp32-course\_13_Internet_Connection\13_3_Wifi_Connection_idfv4_0

attempting to build  C:\projects\learnEsp32\esp32-course\_13_Internet_Connection\13_3_Wifi_Connection_idfv4_1
❌ Error compiling  C:\projects\learnEsp32\esp32-course\_13_Internet_Connection\13_3_Wifi_Connection_idfv4_1

attempting to build  C:\projects\learnEsp32\esp32-course\_13_Internet_Connection\4_3_new
❌ Error compiling  C:\projects\learnEsp32\esp32-course\_13_Internet_Connection\4_3_new

attempting to build  C:\projects\learnEsp32\esp32-course\_13_Internet_Connection\time
❌ Error compiling  C:\projects\learnEsp32\esp32-course\_13_Internet_Connection\time

attempting to build  C:\projects\learnEsp32\esp32-course\_13_Internet_Connection\v4.3\13_3_internet_connection
❌ Error compiling  C:\projects\learnEsp32\esp32-course\_13_Internet_Connection\v4.3\13_3_internet_connection

attempting to build  C:\projects\learnEsp32\esp32-course\_13_Internet_Connection\_13_1_exampleConnect
❌ Error compiling  C:\projects\learnEsp32\esp32-course\_13_Internet_Connection\_13_1_exampleConnect

attempting to build  C:\projects\learnEsp32\esp32-course\_13_Internet_Connection\_13_2_wifi_scanner
❌ Error compiling  C:\projects\learnEsp32\esp32-course\_13_Internet_Connection\_13_2_wifi_scanner

attempting to build  C:\projects\learnEsp32\esp32-course\_14_Rest_Client\v4.3\_1_get_data
❌ Error compiling  C:\projects\learnEsp32\esp32-course\_14_Rest_Client\v4.3\_1_get_data

attempting to build  C:\projects\learnEsp32\esp32-course\_14_Rest_Client\v4.3\_2_chunks
❌ Error compiling  C:\projects\learnEsp32\esp32-course\_14_Rest_Client\v4.3\_2_chunks

attempting to build  C:\projects\learnEsp32\esp32-course\_14_Rest_Client\v4.3\_3_https
❌ Error compiling  C:\projects\learnEsp32\esp32-course\_14_Rest_Client\v4.3\_3_https

attempting to build  C:\projects\learnEsp32\esp32-course\_14_Rest_Client\v4.3\_4_parse_json_1
❌ Error compiling  C:\projects\learnEsp32\esp32-course\_14_Rest_Client\v4.3\_4_parse_json_1

attempting to build  C:\projects\learnEsp32\esp32-course\_14_Rest_Client\v4.3\_4_parse_json_2
❌ Error compiling  C:\projects\learnEsp32\esp32-course\_14_Rest_Client\v4.3\_4_parse_json_2

attempting to build  C:\projects\learnEsp32\esp32-course\_14_Rest_Client\v4.3\_5_create_json
❌ Error compiling  C:\projects\learnEsp32\esp32-course\_14_Rest_Client\v4.3\_5_create_json

attempting to build  C:\projects\learnEsp32\esp32-course\_14_Rest_Client\_14_1_Rest_get_data
❌ Error compiling  C:\projects\learnEsp32\esp32-course\_14_Rest_Client\_14_1_Rest_get_data

attempting to build  C:\projects\learnEsp32\esp32-course\_14_Rest_Client\_14_2_Rest_storing_data
❌ Error compiling  C:\projects\learnEsp32\esp32-course\_14_Rest_Client\_14_2_Rest_storing_data

attempting to build  C:\projects\learnEsp32\esp32-course\_14_Rest_Client\_14_3_Rest_Parsing_JSON
❌ Error compiling  C:\projects\learnEsp32\esp32-course\_14_Rest_Client\_14_3_Rest_Parsing_JSON

attempting to build  C:\projects\learnEsp32\esp32-course\_14_Rest_Client\_14_4_Rest_Refactor
❌ Error compiling  C:\projects\learnEsp32\esp32-course\_14_Rest_Client\_14_4_Rest_Refactor

attempting to build  C:\projects\learnEsp32\esp32-course\_14_Rest_Client\_14_4_Rest_Send_SMS
❌ Error compiling  C:\projects\learnEsp32\esp32-course\_14_Rest_Client\_14_4_Rest_Send_SMS

attempting to build  C:\projects\learnEsp32\esp32-course\_15_Internet_Server\v14\_10_web_site_9_pages
❌ Error compiling  C:\projects\learnEsp32\esp32-course\_15_Internet_Server\v14\_10_web_site_9_pages

attempting to build  C:\projects\learnEsp32\esp32-course\_15_Internet_Server\v14\_11_web_site_10_change_networks
❌ Error compiling  C:\projects\learnEsp32\esp32-course\_15_Internet_Server\v14\_11_web_site_10_change_networks

attempting to build  C:\projects\learnEsp32\esp32-course\_15_Internet_Server\v14\_1_server
❌ Error compiling  C:\projects\learnEsp32\esp32-course\_15_Internet_Server\v14\_1_server

attempting to build  C:\projects\learnEsp32\esp32-course\_15_Internet_Server\v14\_2_mdns
❌ Error compiling  C:\projects\learnEsp32\esp32-course\_15_Internet_Server\v14\_2_mdns

attempting to build  C:\projects\learnEsp32\esp32-course\_15_Internet_Server\v14\_3_post
❌ Error compiling  C:\projects\learnEsp32\esp32-course\_15_Internet_Server\v14\_3_post

attempting to build  C:\projects\learnEsp32\esp32-course\_15_Internet_Server\v14\_4_ws
❌ Error compiling  C:\projects\learnEsp32\esp32-course\_15_Internet_Server\v14\_4_ws

attempting to build  C:\projects\learnEsp32\esp32-course\_15_Internet_Server\v14\_4_ws_temp
❌ Error compiling  C:\projects\learnEsp32\esp32-course\_15_Internet_Server\v14\_4_ws_temp

attempting to build  C:\projects\learnEsp32\esp32-course\_15_Internet_Server\v14\_5_web_site_1
❌ Error compiling  C:\projects\learnEsp32\esp32-course\_15_Internet_Server\v14\_5_web_site_1

attempting to build  C:\projects\learnEsp32\esp32-course\_15_Internet_Server\v14\_6_web_site_2
❌ Error compiling  C:\projects\learnEsp32\esp32-course\_15_Internet_Server\v14\_6_web_site_2

attempting to build  C:\projects\learnEsp32\esp32-course\_15_Internet_Server\v14\_7_web_site_3_wild_card
❌ Error compiling  C:\projects\learnEsp32\esp32-course\_15_Internet_Server\v14\_7_web_site_3_wild_card

attempting to build  C:\projects\learnEsp32\esp32-course\_15_Internet_Server\v14\_8_web_site_4_scan
❌ Error compiling  C:\projects\learnEsp32\esp32-course\_15_Internet_Server\v14\_8_web_site_4_scan

attempting to build  C:\projects\learnEsp32\esp32-course\_15_Internet_Server\v14\_8_web_site_4_temp
❌ Error compiling  C:\projects\learnEsp32\esp32-course\_15_Internet_Server\v14\_8_web_site_4_temp

attempting to build  C:\projects\learnEsp32\esp32-course\_15_Internet_Server\v14\_9_web_site_9_proxy
❌ Error compiling  C:\projects\learnEsp32\esp32-course\_15_Internet_Server\v14\_9_web_site_9_proxy

attempting to build  C:\projects\learnEsp32\esp32-course\_15_Internet_Server\_15_1_creating_end_points
❌ Error compiling  C:\projects\learnEsp32\esp32-course\_15_Internet_Server\_15_1_creating_end_points

attempting to build  C:\projects\learnEsp32\esp32-course\_15_Internet_Server\_15_2_wild_card_route
❌ Error compiling  C:\projects\learnEsp32\esp32-course\_15_Internet_Server\_15_2_wild_card_route

attempting to build  C:\projects\learnEsp32\esp32-course\_15_Internet_Server\_15_3_impliment_end_points
❌ Error compiling  C:\projects\learnEsp32\esp32-course\_15_Internet_Server\_15_3_impliment_end_points

attempting to build  C:\projects\learnEsp32\esp32-course\_15_Internet_Server\_15_4_serving_web_pages
❌ Error compiling  C:\projects\learnEsp32\esp32-course\_15_Internet_Server\_15_4_serving_web_pages

attempting to build  C:\projects\learnEsp32\esp32-course\_15_Internet_Server\_15_5_building_a_site
❌ Error compiling  C:\projects\learnEsp32\esp32-course\_15_Internet_Server\_15_5_building_a_site

attempting to build  C:\projects\learnEsp32\esp32-course\_15_Internet_Server\_15_6_setting_mime_types
❌ Error compiling  C:\projects\learnEsp32\esp32-course\_15_Internet_Server\_15_6_setting_mime_types

attempting to build  C:\projects\learnEsp32\esp32-course\_15_Internet_Server\_15_7_Bonus_Server_react
❌ Error compiling  C:\projects\learnEsp32\esp32-course\_15_Internet_Server\_15_7_Bonus_Server_react

attempting to build  C:\projects\learnEsp32\esp32-course\_16_WI-FI_AP_to_STS\_16_1_switching_wifi_modes
❌ Error compiling  C:\projects\learnEsp32\esp32-course\_16_WI-FI_AP_to_STS\_16_1_switching_wifi_modes

attempting to build  C:\projects\learnEsp32\esp32-course\_17_MQTT\MQTT_AWS
❌ Error compiling  C:\projects\learnEsp32\esp32-course\_17_MQTT\MQTT_AWS

attempting to build  C:\projects\learnEsp32\esp32-course\_17_MQTT\_17__MQTT
❌ Error compiling  C:\projects\learnEsp32\esp32-course\_17_MQTT\_17__MQTT

attempting to build  C:\projects\learnEsp32\esp32-course\_18_ESP_NOW\_18_2_esp_now_auto_registration
❌ Error compiling  C:\projects\learnEsp32\esp32-course\_18_ESP_NOW\_18_2_esp_now_auto_registration

attempting to build  C:\projects\learnEsp32\esp32-course\_18_ESP_NOW\_18_3_esp_now_adding_button
❌ Error compiling  C:\projects\learnEsp32\esp32-course\_18_ESP_NOW\_18_3_esp_now_adding_button

attempting to build  C:\projects\learnEsp32\esp32-course\_18_ESP_NOW\_18_4_esp_now_encryption
❌ Error compiling  C:\projects\learnEsp32\esp32-course\_18_ESP_NOW\_18_4_esp_now_encryption

attempting to build  C:\projects\learnEsp32\esp32-course\_18_ESP_NOW\_18_esp_now
❌ Error compiling  C:\projects\learnEsp32\esp32-course\_18_ESP_NOW\_18_esp_now

attempting to build  C:\projects\learnEsp32\esp32-course\_19_bluetooth_BLE\spike\ble\ble_1
❌ Error compiling  C:\projects\learnEsp32\esp32-course\_19_bluetooth_BLE\spike\ble\ble_1

attempting to build  C:\projects\learnEsp32\esp32-course\_19_bluetooth_BLE\spike\ble\ble_bluedroid
❌ Error compiling  C:\projects\learnEsp32\esp32-course\_19_bluetooth_BLE\spike\ble\ble_bluedroid

attempting to build  C:\projects\learnEsp32\esp32-course\_19_bluetooth_BLE\spike\ble_battery
✅ C:\projects\learnEsp32\esp32-course\_19_bluetooth_BLE\spike\ble_battery succeeded

attempting to build  C:\projects\learnEsp32\esp32-course\_19_bluetooth_BLE\spike\ble_hid_device_demo
❌ Error compiling  C:\projects\learnEsp32\esp32-course\_19_bluetooth_BLE\spike\ble_hid_device_demo

attempting to build  C:\projects\learnEsp32\esp32-course\_19_bluetooth_BLE\spike\ble_hid_device_demo_spike
❌ Error compiling  C:\projects\learnEsp32\esp32-course\_19_bluetooth_BLE\spike\ble_hid_device_demo_spike

attempting to build  C:\projects\learnEsp32\esp32-course\_19_bluetooth_BLE\spike\ble_serial_monitor
✅ C:\projects\learnEsp32\esp32-course\_19_bluetooth_BLE\spike\ble_serial_monitor succeeded

attempting to build  C:\projects\learnEsp32\esp32-course\_19_bluetooth_BLE\spike\blutooth
❌ Error compiling  C:\projects\learnEsp32\esp32-course\_19_bluetooth_BLE\spike\blutooth

attempting to build  C:\projects\learnEsp32\esp32-course\_19_bluetooth_BLE\spike\bt_spp_vfs_initiator
❌ Error compiling  C:\projects\learnEsp32\esp32-course\_19_bluetooth_BLE\spike\bt_spp_vfs_initiator

attempting to build  C:\projects\learnEsp32\esp32-course\_19_bluetooth_BLE\spike\nimble\connect
❌ Error compiling  C:\projects\learnEsp32\esp32-course\_19_bluetooth_BLE\spike\nimble\connect

attempting to build  C:\projects\learnEsp32\esp32-course\_19_bluetooth_BLE\spike\nimble\connectUart
❌ Error compiling  C:\projects\learnEsp32\esp32-course\_19_bluetooth_BLE\spike\nimble\connectUart

attempting to build  C:\projects\learnEsp32\esp32-course\_19_bluetooth_BLE\spike\nimble\eddystone
❌ Error compiling  C:\projects\learnEsp32\esp32-course\_19_bluetooth_BLE\spike\nimble\eddystone

attempting to build  C:\projects\learnEsp32\esp32-course\_19_bluetooth_BLE\spike\nimble\ibeakon
❌ Error compiling  C:\projects\learnEsp32\esp32-course\_19_bluetooth_BLE\spike\nimble\ibeakon

attempting to build  C:\projects\learnEsp32\esp32-course\_19_bluetooth_BLE\spike\nimble\notification
❌ Error compiling  C:\projects\learnEsp32\esp32-course\_19_bluetooth_BLE\spike\nimble\notification

attempting to build  C:\projects\learnEsp32\esp32-course\_19_bluetooth_BLE\spike\nimble\send_recieve_data
❌ Error compiling  C:\projects\learnEsp32\esp32-course\_19_bluetooth_BLE\spike\nimble\send_recieve_data

attempting to build  C:\projects\learnEsp32\esp32-course\_19_bluetooth_BLE\spike\nimble\send_recieve_data_keyboard
❌ Error compiling  C:\projects\learnEsp32\esp32-course\_19_bluetooth_BLE\spike\nimble\send_recieve_data_keyboard

attempting to build  C:\projects\learnEsp32\esp32-course\_19_bluetooth_BLE\spike\nimble\_spike\blecent
❌ Error compiling  C:\projects\learnEsp32\esp32-course\_19_bluetooth_BLE\spike\nimble\_spike\blecent

attempting to build  C:\projects\learnEsp32\esp32-course\_19_bluetooth_BLE\spike\_19_3_GAtt_mouse
❌ Error compiling  C:\projects\learnEsp32\esp32-course\_19_bluetooth_BLE\spike\_19_3_GAtt_mouse

attempting to build  C:\projects\learnEsp32\esp32-course\_19_bluetooth_BLE\_19_1_beacon
❌ Error compiling  C:\projects\learnEsp32\esp32-course\_19_bluetooth_BLE\_19_1_beacon

attempting to build  C:\projects\learnEsp32\esp32-course\_19_bluetooth_BLE\_19_2_eddytone
❌ Error compiling  C:\projects\learnEsp32\esp32-course\_19_bluetooth_BLE\_19_2_eddytone

attempting to build  C:\projects\learnEsp32\esp32-course\_19_bluetooth_BLE\_19_3_GAPP
❌ Error compiling  C:\projects\learnEsp32\esp32-course\_19_bluetooth_BLE\_19_3_GAPP

attempting to build  C:\projects\learnEsp32\esp32-course\_19_bluetooth_BLE\_19_3_GATT_READ
❌ Error compiling  C:\projects\learnEsp32\esp32-course\_19_bluetooth_BLE\_19_3_GATT_READ

attempting to build  C:\projects\learnEsp32\esp32-course\_19_bluetooth_BLE\_19_4_GATT_WRITE
❌ Error compiling  C:\projects\learnEsp32\esp32-course\_19_bluetooth_BLE\_19_4_GATT_WRITE

attempting to build  C:\projects\learnEsp32\esp32-course\_19_bluetooth_BLE\_19_5_GATT_Battery_Read
❌ Error compiling  C:\projects\learnEsp32\esp32-course\_19_bluetooth_BLE\_19_5_GATT_Battery_Read

attempting to build  C:\projects\learnEsp32\esp32-course\_19_bluetooth_BLE\_19_5_GATT_EVENT
❌ Error compiling  C:\projects\learnEsp32\esp32-course\_19_bluetooth_BLE\_19_5_GATT_EVENT

attempting to build  C:\projects\learnEsp32\esp32-course\_19_bluetooth_BLE\_19_6_Client_GAPP
❌ Error compiling  C:\projects\learnEsp32\esp32-course\_19_bluetooth_BLE\_19_6_Client_GAPP

attempting to build  C:\projects\learnEsp32\esp32-course\_19_bluetooth_BLE\_19_7_Client_GATT
❌ Error compiling  C:\projects\learnEsp32\esp32-course\_19_bluetooth_BLE\_19_7_Client_GATT

attempting to build  C:\projects\learnEsp32\esp32-course\_19_OTA\_18_1_OTA_using_google_drive
❌ Error compiling  C:\projects\learnEsp32\esp32-course\_19_OTA\_18_1_OTA_using_google_drive

attempting to build  C:\projects\learnEsp32\esp32-course\_19_OTA\_18_2_OTA_using_google_drive_ota_version
❌ Error compiling  C:\projects\learnEsp32\esp32-course\_19_OTA\_18_2_OTA_using_google_drive_ota_version

attempting to build  C:\projects\learnEsp32\esp32-course\_19_OTA\_18_3_OTA_using_google_drive_ota_advanced
❌ Error compiling  C:\projects\learnEsp32\esp32-course\_19_OTA\_18_3_OTA_using_google_drive_ota_advanced
